This is pdfTeXk, Version 3.141592-1.40.3 (Web2C 7.5.6) (format=pdflatex 2013.4.11)  25 AUG 2014 23:29
entering extended mode
 %&-line parsing enabled.
**CSI
(./CSI.tex
LaTeX2e <2005/12/01>
Babel <v3.8h> and hyphenation patterns for english, usenglishmax, dumylang, noh
yphenation, arabic, basque, bulgarian, coptic, welsh, czech, slovak, german, ng
erman, danish, esperanto, spanish, catalan, galician, estonian, farsi, finnish,
 french, greek, monogreek, ancientgreek, croatian, hungarian, interlingua, ibyc
us, indonesian, icelandic, italian, latin, mongolian, dutch, norsk, polish, por
tuguese, pinyin, romanian, russian, slovenian, uppersorbian, serbian, swedish, 
turkish, ukenglish, ukrainian, loaded.
(/usr/share/texmf/tex/latex/base/book.cls
Document Class: book 2005/09/16 v1.4f Standard LaTeX document class
(/usr/share/texmf/tex/latex/base/bk11.clo
File: bk11.clo 2005/09/16 v1.4f Standard LaTeX file (size option)
)
\c@part=\count79
\c@chapter=\count80
\c@section=\count81
\c@subsection=\count82
\c@subsubsection=\count83
\c@paragraph=\count84
\c@subparagraph=\count85
\c@figure=\count86
\c@table=\count87
\abovecaptionskip=\skip41
\belowcaptionskip=\skip42
\bibindent=\dimen102
)
(/usr/share/texmf/tex/latex/wrapfig/wrapfig.sty
\wrapoverhang=\dimen103
\WF@size=\dimen104
\c@WF@wrappedlines=\count88
\WF@box=\box26
\WF@everypar=\toks14
Package: wrapfig 2003/01/31  v 3.6
)
(/usr/share/texmf/tex/latex/graphics/color.sty
Package: color 2005/11/14 v1.0j Standard LaTeX Color (DPC)

(/usr/share/texmf/tex/latex/config/color.cfg
File: color.cfg 2007/01/18 v1.5 color configuration of teTeX/TeXLive
)
Package color Info: Driver file: pdftex.def on input line 130.

(/usr/share/texmf/tex/latex/pdftex-def/pdftex.def
File: pdftex.def 2007/01/08 v0.04d Graphics/color for pdfTeX
\Gread@gobject=\count89
))
(/usr/share/texmf/tex/latex/xcolor/xcolor.sty
Package: xcolor 2007/01/21 v2.11 LaTeX color extensions (UK)

(/usr/share/texmf/tex/latex/config/color.cfg
File: color.cfg 2007/01/18 v1.5 color configuration of teTeX/TeXLive
)
Package xcolor Info: Package option `usenames' ignored on input line 216.
Package xcolor Info: Driver file: pdftex.def on input line 225.
LaTeX Info: Redefining \color on input line 702.
Package xcolor Info: Model `cmy' substituted by `cmy0' on input line 1337.
Package xcolor Info: Model `hsb' substituted by `rgb' on input line 1341.
Package xcolor Info: Model `RGB' extended on input line 1353.
Package xcolor Info: Model `HTML' substituted by `rgb' on input line 1355.
Package xcolor Info: Model `Hsb' substituted by `hsb' on input line 1356.
Package xcolor Info: Model `tHsb' substituted by `hsb' on input line 1357.
Package xcolor Info: Model `HSB' substituted by `hsb' on input line 1358.
Package xcolor Info: Model `Gray' substituted by `gray' on input line 1359.
Package xcolor Info: Model `wave' substituted by `hsb' on input line 1360.

(/usr/share/texmf/tex/latex/graphics/dvipsnam.def
File: dvipsnam.def 1999/02/16 v3.0i Driver-dependant file (DPC,SPQR)
)) (./titlesec.sty
Package: titlesec 2011/12/15 v2.10.0 Sectioning titles
\ttl@box=\box27
\beforetitleunit=\skip43
\aftertitleunit=\skip44
\ttl@plus=\dimen105
\ttl@minus=\dimen106
\ttl@toksa=\toks15
\titlewidth=\dimen107
\titlewidthlast=\dimen108
\titlewidthfirst=\dimen109
)
(/usr/share/texmf/tex/latex/base/makeidx.sty
Package: makeidx 2000/03/29 v1.0m Standard LaTeX package
)
(/usr/share/texmf/tex/latex/graphics/graphicx.sty
Package: graphicx 1999/02/16 v1.0f Enhanced LaTeX Graphics (DPC,SPQR)

(/usr/share/texmf/tex/latex/graphics/keyval.sty
Package: keyval 1999/03/16 v1.13 key=value parser (DPC)
\KV@toks@=\toks16
)
(/usr/share/texmf/tex/latex/graphics/graphics.sty
Package: graphics 2006/02/20 v1.0o Standard LaTeX Graphics (DPC,SPQR)

(/usr/share/texmf/tex/latex/graphics/trig.sty
Package: trig 1999/03/16 v1.09 sin cos tan (DPC)
)
(/usr/share/texmf/tex/latex/config/graphics.cfg
File: graphics.cfg 2007/01/18 v1.5 graphics configuration of teTeX/TeXLive
)
Package graphics Info: Driver file: pdftex.def on input line 90.
)
\Gin@req@height=\dimen110
\Gin@req@width=\dimen111
)
(/usr/share/texmf/tex/latex/graphics/epsfig.sty
Package: epsfig 1999/02/16 v1.7a (e)psfig emulation (SPQR)
\epsfxsize=\dimen112
\epsfysize=\dimen113
)
(/usr/share/texmf/tex/latex/subfigure/subfigure.sty
Package: subfigure 2002/03/15 v2.1.5 subfigure package
\subfigtopskip=\skip45
\subfigcapskip=\skip46
\subfigcaptopadj=\dimen114
\subfigbottomskip=\skip47
\subfigcapmargin=\dimen115
\subfiglabelskip=\skip48
\c@subfigure=\count90
\c@lofdepth=\count91
\c@subtable=\count92
\c@lotdepth=\count93

****************************************
* Local config file subfigure.cfg used *
****************************************
(/usr/share/texmf/tex/latex/subfigure/subfigure.cfg)
\subfig@top=\skip49
\subfig@bottom=\skip50
)
(/usr/share/texmf/tex/latex/preprint/fullpage.sty
Package: fullpage 1999/02/23 1.1 (PWD)
\FP@margin=\skip51
)
(/usr/share/texmf/tex/latex/tools/enumerate.sty
Package: enumerate 1999/03/05 v3.00 enumerate extensions (DPC)
\@enLab=\toks17
)
(/usr/share/texmf/tex/latex/listings/listings.sty
\lst@mode=\count94
\lst@gtempboxa=\box28
\lst@token=\toks18
\lst@length=\count95
\lst@currlwidth=\dimen116
\lst@column=\count96
\lst@pos=\count97
\lst@lostspace=\dimen117
\lst@width=\dimen118
\lst@newlines=\count98
\lst@lineno=\count99
\c@lstlisting=\count100
\lst@maxwidth=\dimen119

(/usr/share/texmf/tex/latex/listings/lstpatch.sty
File: lstpatch.sty 2004/10/17 1.3b (Carsten Heinz)
)
(/usr/share/texmf/tex/latex/listings/lstmisc.sty
File: lstmisc.sty 2004/09/07 1.3 (Carsten Heinz)
\c@lstnumber=\count101
\lst@skipnumbers=\count102
\lst@framebox=\box29
)
(/usr/share/texmf/tex/latex/listings/listings.cfg
File: listings.cfg 2004/09/05 1.3 listings configuration
))
Package: listings 2004/10/17 1.3b (Carsten Heinz)
\@indexfile=\write3
\openout3 = `CSI.idx'.


Writing index file CSI.idx
(./CSI.aux)
\openout1 = `CSI.aux'.

LaTeX Font Info:    Checking defaults for OML/cmm/m/it on input line 22.
LaTeX Font Info:    ... okay on input line 22.
LaTeX Font Info:    Checking defaults for T1/cmr/m/n on input line 22.
LaTeX Font Info:    ... okay on input line 22.
LaTeX Font Info:    Checking defaults for OT1/cmr/m/n on input line 22.
LaTeX Font Info:    ... okay on input line 22.
LaTeX Font Info:    Checking defaults for OMS/cmsy/m/n on input line 22.
LaTeX Font Info:    ... okay on input line 22.
LaTeX Font Info:    Checking defaults for OMX/cmex/m/n on input line 22.
LaTeX Font Info:    ... okay on input line 22.
LaTeX Font Info:    Checking defaults for U/cmr/m/n on input line 22.
LaTeX Font Info:    ... okay on input line 22.
LaTeX Font Info:    External font `cmex10' loaded for size
(Font)              <12> on input line 23.
LaTeX Font Info:    External font `cmex10' loaded for size
(Font)              <8> on input line 23.
LaTeX Font Info:    External font `cmex10' loaded for size
(Font)              <6> on input line 23.
 [1


{/var/lib/texmf/fonts/map/pdftex/updmap/pdftex.map}] [2

]
(./CSI.toc
LaTeX Font Info:    External font `cmex10' loaded for size
(Font)              <10.95> on input line 2.
 [1

] [2]

LaTeX Warning: Reference `listing:robotWorldMain' on page 106 undefined on inpu
t line 199.

)
\tf@toc=\write4
\openout4 = `CSI.toc'.

\c@modNumber=\count103
\c@interlude=\count104
 [3] [4

] (./ack/ack.tex) (./chap1/chap1.tex [1

]
Chapter 1.
[2

]
LaTeX Font Info:    External font `cmex10' loaded for size
(Font)              <9> on input line 44.
LaTeX Font Info:    External font `cmex10' loaded for size
(Font)              <5> on input line 44.
 [3]) (./chap1b/chap1b.tex [4]
Chapter 2.
LaTeX Font Info:    Try loading font information for OMS+cmr on input line 11.
(/usr/share/texmf/tex/latex/base/omscmr.fd
File: omscmr.fd 1999/05/25 v2.5h Standard LaTeX font definitions
)
LaTeX Font Info:    Font shape `OMS/cmr/m/n' in size <10.95> not available
(Font)              Font shape `OMS/cmsy/m/n' tried instead on input line 11.

(/usr/share/texmf/tex/latex/listings/lstlang1.sty
File: lstlang1.sty 2004/09/05 1.3 listings language file
)
(/usr/share/texmf/tex/latex/listings/lstlang1.sty
File: lstlang1.sty 2004/09/05 1.3 listings language file
)
(/usr/share/texmf/tex/latex/listings/lstmisc.sty
File: lstmisc.sty 2004/09/07 1.3 (Carsten Heinz)
)
LaTeX Font Info:    Font shape `OMS/cmr/m/it' in size <10> not available
(Font)              Font shape `OMS/cmsy/m/n' tried instead on input line 32.
LaTeX Font Info:    External font `cmex10' loaded for size
(Font)              <7> on input line 32.
LaTeX Font Info:    Try loading font information for OML+cmr on input line 36.

(/usr/share/texmf/tex/latex/base/omlcmr.fd
File: omlcmr.fd 1999/05/25 v2.5h Standard LaTeX font definitions
)
LaTeX Font Info:    Font shape `OML/cmr/m/n' in size <10> not available
(Font)              Font shape `OML/cmm/m/it' tried instead on input line 36.
LaTeX Font Info:    Font shape `OMS/cmr/m/n' in size <10> not available
(Font)              Font shape `OMS/cmsy/m/n' tried instead on input line 39.

Overfull \hbox (17.0pt too wide) in paragraph at lines 28--74
[]$[]$ 
 []


Underfull \hbox (badness 1082) in paragraph at lines 81--81
\OT1/cmr/m/n/10.95 pre-sented in this text are se-ri-ously \OT1/cmr/m/it/10.95 
un-der\OT1/cmr/m/n/10.95 -
 []

[5

]
Underfull \vbox (badness 3849) has occurred while \output is active []

 [6]
[7] [8]
LaTeX Font Info:    Font shape `OT1/cmtt/bx/n' in size <12> not available
(Font)              Font shape `OT1/cmtt/m/n' tried instead on input line 197.
LaTeX Font Info:    Try loading font information for OMS+cmtt on input line 206
.
LaTeX Font Info:    No file OMScmtt.fd. on input line 206.


LaTeX Font Warning: Font shape `OMS/cmtt/m/n' undefined
(Font)              using `OMS/cmsy/m/n' instead
(Font)              for symbol `textbraceleft' on input line 206.


Underfull \vbox (badness 10000) has occurred while \output is active []

 [9]
Underfull \vbox (badness 10000) has occurred while \output is active []

 [10]
[11] [12] [13] [14]
Underfull \vbox (badness 1430) has occurred while \output is active []

 [15]
Underfull \hbox (badness 10000) in paragraph at lines 378--380

 []

[16]) (./InterludeDebugging/Debugging.tex [17]
Underfull \hbox (badness 10000) in paragraph at lines 2--3

 []


Underfull \hbox (badness 10000) in paragraph at lines 2--3

 []

[18] [19]) (./chap2/chap2.tex [20]
Chapter 3.

Overfull \hbox (17.0pt too wide) in paragraph at lines 20--64
[]$[]$ 
 []


Underfull \vbox (badness 10000) has occurred while \output is active []

 [21

]
[22] [23] [24]
Underfull \hbox (badness 1552) in paragraph at lines 148--149
[]\OT1/cmr/m/n/10.95 This pro-gram uses two li-braries the same
 []

[25] [26] [27] [28] [29] [30] [31] [32] [33]) (./InterludeTesting/Testing.tex
[34]
Underfull \hbox (badness 10000) in paragraph at lines 2--3

 []

[35]) (./chap3/chap3.tex [36]
Chapter 4.

Overfull \hbox (17.0pt too wide) in paragraph at lines 24--72
[]$[]$ 
 []

[37

] [38]
Overfull \hbox (17.0pt too wide) in paragraph at lines 76--106
[]$[]$ 
 []

[39]
Overfull \hbox (5.7842pt too wide) in paragraph at lines 201--202
[]\OT1/cmr/m/n/10.95 The cal-cu-la-tor pro-gram has four func-tions: \OT1/cmtt/
m/n/10.95 main()[]\OT1/cmr/m/n/10.95 , \OT1/cmtt/m/n/10.95 print[]menu()\OT1/cm
r/m/n/10.95 , \OT1/cmtt/m/n/10.95 get[]value()\OT1/cmr/m/n/10.95 , and \OT1/cmt
t/m/n/10.95 divide()\OT1/cmr/m/n/10.95 .
 []

[40] [41] [42] [43]
Underfull \hbox (badness 10000) in paragraph at lines 335--335
[]\OT1/cmtt/m/n/10.95 Matching Arguments and Function
 []

[44] [45] [46]
Underfull \hbox (badness 10000) in paragraph at lines 424--424
[]\OT1/cmtt/m/n/10.95 Scope, Variable Names, and Team
 []


Underfull \hbox (badness 3039) in paragraph at lines 424--424
\OT1/cmr/m/n/10.95 Most com-mer-cial soft-ware prod-ucts are
 []

[47] [48]
Underfull \vbox (badness 5331) has occurred while \output is active []

 [49]
Overfull \hbox (1.44905pt too wide) in paragraph at lines 545--549
[]\OT1/cmr/m/n/10.95 This re-quires two changes. First, sub-trac-tion needs to 
be added as an op-tion in the \OT1/cmtt/m/n/10.95 print[]menu()
 []


Underfull \hbox (badness 1194) in paragraph at lines 566--567
\OT1/cmtt/m/n/10.95 divide(operand1,operand2)\OT1/cmr/m/n/10.95 , the new case
 []

[50] [51]) (./interludeStructures/Structures.tex [52]
Underfull \hbox (badness 10000) in paragraph at lines 2--5

 []


Underfull \hbox (badness 10000) in paragraph at lines 2--5

 []

[53]) (./chap4/chap4.tex [54]
Chapter 5.

Overfull \hbox (17.0pt too wide) in paragraph at lines 37--85
[]$[]$ 
 []

[55

]
Overfull \hbox (17.0pt too wide) in paragraph at lines 91--148
[]$[]$ 
 []


Underfull \vbox (badness 10000) has occurred while \output is active []

 [56]
Underfull \vbox (badness 10000) has occurred while \output is active []

 [57]
[58] [59]
LaTeX Font Info:    Font shape `OT1/cmtt/bx/n' in size <10.95> not available
(Font)              Font shape `OT1/cmtt/m/n' tried instead on input line 251.
 [60]
Underfull \hbox (badness 10000) in paragraph at lines 294--298

 []

[61] [62] [63] [64] [65]
Overfull \hbox (17.63501pt too wide) in paragraph at lines 432--446
\OT1/cmr/m/n/10.95 named \OT1/cmtt/m/n/10.95 second[]pet\OT1/cmr/m/n/10.95 . In
-ter-act-ing with a sec-ond pet ob-ject re-quires state-ments like: \OT1/cmtt/m
/n/10.95 second[]pet.play();
 []


LaTeX Font Warning: Font shape `OMS/cmtt/m/it' undefined
(Font)              using `OMS/cmtt/m/n' instead
(Font)              for symbol `textbackslash' on input line 459.

[66]
Underfull \vbox (badness 5622) has occurred while \output is active []

 [67]
[68]) (./InterludeDesign/Design.tex [69]
Underfull \hbox (badness 10000) in paragraph at lines 2--3

 []


Underfull \hbox (badness 10000) in paragraph at lines 2--3

 []

[70]) (./chap5/chap5.tex [71]
Chapter 6.

Overfull \hbox (17.0pt too wide) in paragraph at lines 27--58
[]$[]$ 
 []

[72

] [73]
Overfull \hbox (17.0pt too wide) in paragraph at lines 69--112
[]$[]$ 
 []


Overfull \hbox (15.47191pt too wide) in paragraph at lines 131--132
[][][][][][][][][][][][][][][][] 
 []


Overfull \hbox (17.0pt too wide) in paragraph at lines 115--172
[]$[]$ 
 []


Underfull \vbox (badness 10000) has occurred while \output is active []

 [74]
Overfull \vbox (2.33714pt too high) has occurred while \output is active []


[75]
Overfull \hbox (17.0pt too wide) in paragraph at lines 173--183
[]$[]$ 
 []

[76] [77] [78] [79] [80] [81]
Underfull \hbox (badness 10000) in paragraph at lines 504--509

 []

[82] [83]
Overfull \hbox (5.58826pt too wide) in paragraph at lines 585--589
[][]\OT1/cmr/m/n/10.95 Lines 16b and 22b call the \OT1/cmtt/m/n/10.95 check[]po
sition()
 []

[84]
Overfull \hbox (10.55673pt too wide) in paragraph at lines 606--607
\OT1/cmr/m/n/10.95 Lines 26b and 27b sim-ply reprint the board with the new pla
yer po-si-tions by call-ing the \OT1/cmtt/m/n/10.95 print[]board()
 []

[85] [86] [87]) (./InterludeComparedToC/comparedtoC.tex [88]
Underfull \hbox (badness 10000) in paragraph at lines 2--5

 []

[89] [90] [91]
Overfull \hbox (6.35652pt too wide) in paragraph at lines 150--164
 [][][] 
 []

) (./chap6/chap6.tex [92]
Chapter 7.
[93

]
Overfull \hbox (17.0pt too wide) in paragraph at lines 25--49
[]$[]$ 
 []


Overfull \hbox (17.0pt too wide) in paragraph at lines 52--76
[]$[]$ 
 []


Overfull \hbox (17.0pt too wide) in paragraph at lines 77--135
[]$[]$ 
 []


Underfull \vbox (badness 10000) has occurred while \output is active []

 [94]
Overfull \vbox (0.73714pt too high) has occurred while \output is active []


[95]
Overfull \hbox (17.0pt too wide) in paragraph at lines 136--155
[]$[]$ 
 []

[96]
Overfull \hbox (17.0pt too wide) in paragraph at lines 257--315
[]$[]$ 
 []

[97]
Overfull \vbox (0.73714pt too high) has occurred while \output is active []


[98] [99]
Overfull \hbox (4.36636pt too wide) in paragraph at lines 366--375
| \OT1/cmtt/m/n/10.95 // Code if the pointer is pointing to NULL, i.e. not to a
 valid memory location 
 []

[100] [101]
Underfull \hbox (badness 5105) in paragraph at lines 459--460
[][]\OT1/cmr/m/n/10.95 Because \OT1/cmtt/m/n/10.95 turnLeft() \OT1/cmr/m/n/10.9
5 and \OT1/cmtt/m/n/10.95 turnRight()
 []

[102] [103] [104] [105] [106]
Underfull \hbox (badness 10000) in paragraph at lines 604--614

 []

[107] [108]) (./InterludeCommandLine/CommandLine.tex [109]
Underfull \hbox (badness 10000) in paragraph at lines 2--4

 []


Underfull \hbox (badness 10000) in paragraph at lines 2--4

 []

) (./chap7/chap7.tex [110] [111]
Chapter 8.

Overfull \hbox (17.0pt too wide) in paragraph at lines 26--57
[]$[]$ 
 []

[112

]
Overfull \hbox (17.0pt too wide) in paragraph at lines 59--78
[]$[]$ 
 []


Underfull \vbox (badness 4096) has occurred while \output is active []

 [113]
Overfull \hbox (17.0pt too wide) in paragraph at lines 87--133
[]$[]$ 
 []


Overfull \hbox (17.0pt too wide) in paragraph at lines 136--159
[]$[]$ 
 []


Underfull \vbox (badness 10000) has occurred while \output is active []

 [114]
Overfull \hbox (17.0pt too wide) in paragraph at lines 246--287
[]$[]$ 
 []

[115] [116] [117] [118] [119] [120] [121] [122] [123]) (./appendix/appendix.tex
[124]
Appendix A.

Underfull \hbox (badness 10000) in paragraph at lines 39--39
[]\OT1/cmtt/m/n/10.95 short
 []


Underfull \hbox (badness 7685) in paragraph at lines 39--39
\OT1/cmtt/m/n/10.95 int \OT1/cmr/m/n/10.95 (or
 []


Underfull \hbox (badness 10000) in paragraph at lines 39--39
[]\OT1/cmr/m/n/10.95 -32768 to
 []


Underfull \hbox (badness 10000) in paragraph at lines 41--41
[]\OT1/cmtt/m/n/10.95 long
 []


Underfull \hbox (badness 10000) in paragraph at lines 41--41
\OT1/cmtt/m/n/10.95 int
 []


Underfull \hbox (badness 3568) in paragraph at lines 43--43
[]$\OMS/cmtt/m/it/10.95 ^^F\OT1/cmr/m/n/10.95 3\OML/cmm/m/it/10.95 :\OT1/cmr/m/
n/10.95 4\OML/cmm/m/it/10.95 e[]$ \OT1/cmr/m/n/10.95 ($\OMS/cmtt/m/it/10.95 ^^X
$\OT1/cmr/m/n/10.95 7
 []


Underfull \hbox (badness 10000) in paragraph at lines 45--45
[]\OT1/cmr/m/n/10.95 Double-
 []


Underfull \hbox (badness 10000) in paragraph at lines 45--45
\OT1/cmr/m/n/10.95 precision
 []


Underfull \hbox (badness 10000) in paragraph at lines 45--45
[]$\OMS/cmtt/m/it/10.95 ^^F\OT1/cmr/m/n/10.95 1\OML/cmm/m/it/10.95 :\OT1/cmr/m/
n/10.95 7\OML/cmm/m/it/10.95 e[]$
 []


Underfull \hbox (badness 10000) in paragraph at lines 47--47
[]\OT1/cmtt/m/n/10.95 long
 []


Underfull \hbox (badness 10000) in paragraph at lines 47--47
[]\OT1/cmr/m/n/10.95 Long double-
 []


Underfull \hbox (badness 10000) in paragraph at lines 47--47
\OT1/cmr/m/n/10.95 precision
 []


Underfull \hbox (badness 10000) in paragraph at lines 47--47
[]$\OMS/cmtt/m/it/10.95 ^^F\OT1/cmr/m/n/10.95 1\OML/cmm/m/it/10.95 :\OT1/cmr/m/
n/10.95 7\OML/cmm/m/it/10.95 e[]$
 []


Overfull \hbox (3.31038pt too wide) in paragraph at lines 51--51
[]\OT1/cmtt/m/n/10.95 unsigned| 
 []


Underfull \hbox (badness 10000) in paragraph at lines 51--51
[]\OT1/cmr/m/n/10.95 Unsigned
 []


Overfull \hbox (20.71431pt too wide) in paragraph at lines 33--54
 [][][] 
 []

[125

] [126]
LaTeX Font Info:    Font shape `OT1/cmtt/bx/n' in size <14.4> not available
(Font)              Font shape `OT1/cmtt/m/n' tried instead on input line 67.
 [127] [128] [129]
Underfull \vbox (badness 10000) has occurred while \output is active []

 [130]
Underfull \hbox (badness 3291) in paragraph at lines 255--256
[]\OT1/cmr/m/n/10.95 Boolean AND; is true only if both
 []

[131]
Underfull \hbox (badness 2653) in paragraph at lines 313--314
[]\OT1/cmr/m/n/10.95 Concatenates \OT1/cmtt/m/n/10.95 str3 \OT1/cmr/m/n/10.95 o
nto \OT1/cmtt/m/n/10.95 str2 \OT1/cmr/m/n/10.95 and
 []


Overfull \hbox (27.1249pt too wide) in paragraph at lines 285--321
 [][][] 
 []


Underfull \hbox (badness 10000) in paragraph at lines 345--345
\OT1/cmtt/m/n/10.95 outfile.open(char[]str)
 []


Overfull \hbox (5.59247pt too wide) in paragraph at lines 357--357
[]\OT1/cmtt/m/n/10.95 infile.getline(char[]str,N) 
 []


Underfull \hbox (badness 1082) in paragraph at lines 357--358
\OT1/cmr/m/n/10.95 to \OT1/cmtt/m/n/10.95 N-1 \OT1/cmr/m/n/10.95 char-ac-ters o
r a new line char-ac-ter,
 []

) (./appendix/appendix2.tex [132] [133] [134] [135]
Appendix B.
[136

] [137]) [138] (./CSI.ind [139


] [140] [141]) (./CSI.aux)

LaTeX Font Warning: Some font shapes were not available, defaults substituted.


LaTeX Warning: There were undefined references.

 )
(\end occurred when \iftrue on line 247 was incomplete)
(\end occurred when \iftrue on line 231 was incomplete)
(\end occurred when \iftrue on line 233 was incomplete)
(\end occurred when \iftrue on line 227 was incomplete)
(\end occurred when \iftrue on line 478 was incomplete)
(\end occurred when \iftrue on line 465 was incomplete)
(\end occurred when \iftrue on line 164 was incomplete)
(\end occurred when \iftrue on line 139 was incomplete) 
Here is how much of TeX's memory you used:
 3723 strings out of 256216
 48818 string characters out of 1917072
 153784 words of memory out of 1500000
 6909 multiletter control sequences out of 10000+200000
 13428 words of font info for 48 fonts, out of 1200000 for 2000
 645 hyphenation exceptions out of 8191
 36i,12n,60p,1243b,1401s stack positions out of 5000i,500n,6000p,200000b,15000s
</usr/share/texmf/fonts/
type1/bluesky/cm/cmbx10.pfb></usr/share/texmf/fonts/type1/bluesky/cm/cmbx12.pfb
></usr/share/texmf/fonts/type1/bluesky/cm/cmitt10.pfb></usr/share/texmf/fonts/t
ype1/bluesky/cm/cmmi10.pfb></usr/share/texmf/fonts/type1/bluesky/cm/cmmi8.pfb><
/usr/share/texmf/fonts/type1/bluesky/cm/cmmi9.pfb></usr/share/texmf/fonts/type1
/bluesky/cm/cmr10.pfb></usr/share/texmf/fonts/type1/bluesky/cm/cmr12.pfb></usr/
share/texmf/fonts/type1/bluesky/cm/cmr17.pfb></usr/share/texmf/fonts/type1/blue
sky/cm/cmr6.pfb></usr/share/texmf/fonts/type1/bluesky/cm/cmr8.pfb></usr/share/t
exmf/fonts/type1/bluesky/cm/cmr9.pfb></usr/share/texmf/fonts/type1/bluesky/cm/c
msy10.pfb></usr/share/texmf/fonts/type1/bluesky/cm/cmsy8.pfb></usr/share/texmf/
fonts/type1/bluesky/cm/cmsy9.pfb></usr/share/texmf/fonts/type1/bluesky/cm/cmti1
0.pfb></usr/share/texmf/fonts/type1/bluesky/cm/cmti9.pfb></usr/share/texmf/font
s/type1/bluesky/cm/cmtt10.pfb></usr/share/texmf/fonts/type1/bluesky/cm/cmtt12.p
fb></usr/share/texmf/fonts/type1/bluesky/cm/cmtt9.pfb></usr/share/texmf/fonts/t
ype1/bluesky/latex-fonts/line10.pfb>
Output written on CSI.pdf (147 pages, 636755 bytes).
PDF statistics:
 558 PDF objects out of 1000 (max. 8388607)
 0 named destinations out of 1000 (max. 131072)
 1 words of extra memory for PDF output out of 10000 (max. 10000000)

