\BOOKMARK [0][-]{chapter*.1}{Introduction}{}% 1
\BOOKMARK [1][-]{section.0.1}{Introduction to the Text}{chapter*.1}% 2
\BOOKMARK [1][-]{section.0.2}{Programming}{chapter*.1}% 3
\BOOKMARK [0][-]{chapter*.2}{NIM}{}% 4
\BOOKMARK [1][-]{section.0.3}{The Code}{chapter*.2}% 5
\BOOKMARK [1][-]{section.0.4}{Modifying the Program}{chapter*.2}% 6
\BOOKMARK [2][-]{subsection.0.4.1}{Modifying the Output}{section.0.4}% 7
\BOOKMARK [2][-]{subsection.0.4.2}{Improving the Output}{section.0.4}% 8
\BOOKMARK [2][-]{subsection.0.4.3}{Number of Objects}{section.0.4}% 9
\BOOKMARK [2][-]{subsection.0.4.4}{Multiple Games and Keeping Score}{section.0.4}% 10
\BOOKMARK [2][-]{subsection.0.4.5}{Smarter Play - Artificial Intelligence}{section.0.4}% 11
\BOOKMARK [2][-]{subsection.0.4.6}{Additional Changes}{section.0.4}% 12
\BOOKMARK [0][-]{chapter*.13}{Project 2 - Calculator}{}% 13
\BOOKMARK [1][-]{section.0.5}{Introduction}{chapter*.13}% 14
\BOOKMARK [1][-]{section.0.6}{Modifying the Code}{chapter*.13}% 15
\BOOKMARK [0][-]{chapter*.14}{Project 3 - Tamaguchi}{}% 16
\BOOKMARK [1][-]{section.0.7}{Introduction}{chapter*.14}% 17
\BOOKMARK [1][-]{section.0.8}{Modifying the Code}{chapter*.14}% 18
\BOOKMARK [0][-]{chapter*.15}{Project 4 - Candyland}{}% 19
\BOOKMARK [1][-]{section.0.9}{Introduction}{chapter*.15}% 20
\BOOKMARK [1][-]{section.0.10}{Modifying the Code}{chapter*.15}% 21
\BOOKMARK [0][-]{chapter*.16}{Project 5 - Robotsi}{}% 22
\BOOKMARK [1][-]{section.0.11}{Introduction}{chapter*.16}% 23
\BOOKMARK [1][-]{section.0.12}{Modifying the Code}{chapter*.16}% 24
\BOOKMARK [0][-]{appendix*.17}{Appendix}{}% 25
\BOOKMARK [1][-]{section.Alph0.1}{Variables and Types}{appendix*.17}% 26
\BOOKMARK [1][-]{section.Alph0.2}{I/O: cin, cout, files}{appendix*.17}% 27
\BOOKMARK [1][-]{section.Alph0.3}{Conditionals: if, switch}{appendix*.17}% 28
\BOOKMARK [1][-]{section.Alph0.4}{Loops: for, while, do-while}{appendix*.17}% 29
\BOOKMARK [1][-]{section.Alph0.5}{Mathematical opertors}{appendix*.17}% 30
\BOOKMARK [1][-]{section.Alph0.6}{Boolean operators}{appendix*.17}% 31
\BOOKMARK [1][-]{section.Alph0.7}{ASCII Characters}{appendix*.17}% 32
